<?xml version="1.0" encoding="UTF-8"?>
<testsuite name="com.smartbrains.servingwebcontent.ServingWebContentApplicationTest" tests="2" skipped="0" failures="0" errors="0" timestamp="2020-12-23T03:31:07" hostname="spartan.local" time="0.176">
  <properties/>
  <testcase name="greetingWithUser()" classname="com.smartbrains.servingwebcontent.ServingWebContentApplicationTest" time="0.162"/>
  <testcase name="greeting()" classname="com.smartbrains.servingwebcontent.ServingWebContentApplicationTest" time="0.013"/>
  <system-out><![CDATA[2020-12-22 21:31:07.325  INFO 93081 --- [    Test worker] .b.t.a.w.s.WebMvcTestContextBootstrapper : Neither @ContextConfiguration nor @ContextHierarchy found for test class [com.smartbrains.servingwebcontent.ServingWebContentApplicationTest], using SpringBootContextLoader
2020-12-22 21:31:07.326  INFO 93081 --- [    Test worker] o.s.t.c.support.AbstractContextLoader    : Could not detect default resource locations for test class [com.smartbrains.servingwebcontent.ServingWebContentApplicationTest]: no resource found for suffixes {-context.xml, Context.groovy}.
2020-12-22 21:31:07.326  INFO 93081 --- [    Test worker] t.c.s.AnnotationConfigContextLoaderUtils : Could not detect default configuration classes for test class [com.smartbrains.servingwebcontent.ServingWebContentApplicationTest]: ServingWebContentApplicationTest does not declare any static, non-private, non-final, nested classes annotated with @Configuration.
2020-12-22 21:31:07.330  INFO 93081 --- [    Test worker] .b.t.c.SpringBootTestContextBootstrapper : Found @SpringBootConfiguration com.smartbrains.servingwebcontent.ServingWebContentApplication for test class com.smartbrains.servingwebcontent.ServingWebContentApplicationTest
2020-12-22 21:31:07.331  INFO 93081 --- [    Test worker] .b.t.a.w.s.WebMvcTestContextBootstrapper : Loaded default TestExecutionListener class names from location [META-INF/spring.factories]: [org.springframework.boot.test.autoconfigure.restdocs.RestDocsTestExecutionListener, org.springframework.boot.test.autoconfigure.web.client.MockRestServiceServerResetTestExecutionListener, org.springframework.boot.test.autoconfigure.web.servlet.MockMvcPrintOnlyOnFailureTestExecutionListener, org.springframework.boot.test.autoconfigure.web.servlet.WebDriverTestExecutionListener, org.springframework.boot.test.autoconfigure.webservices.client.MockWebServiceServerTestExecutionListener, org.springframework.boot.test.mock.mockito.MockitoTestExecutionListener, org.springframework.boot.test.mock.mockito.ResetMocksTestExecutionListener, org.springframework.test.context.web.ServletTestExecutionListener, org.springframework.test.context.support.DirtiesContextBeforeModesTestExecutionListener, org.springframework.test.context.support.DependencyInjectionTestExecutionListener, org.springframework.test.context.support.DirtiesContextTestExecutionListener, org.springframework.test.context.transaction.TransactionalTestExecutionListener, org.springframework.test.context.jdbc.SqlScriptsTestExecutionListener, org.springframework.test.context.event.EventPublishingTestExecutionListener]
2020-12-22 21:31:07.332  INFO 93081 --- [    Test worker] .b.t.a.w.s.WebMvcTestContextBootstrapper : Using TestExecutionListeners: [org.springframework.test.context.web.ServletTestExecutionListener@6bb33a63, org.springframework.test.context.support.DirtiesContextBeforeModesTestExecutionListener@3867b7a3, org.springframework.boot.test.mock.mockito.MockitoTestExecutionListener@26b7eba6, org.springframework.boot.test.autoconfigure.SpringBootDependencyInjectionTestExecutionListener@223afa74, org.springframework.test.context.support.DirtiesContextTestExecutionListener@50a8ac72, org.springframework.test.context.event.EventPublishingTestExecutionListener@55f7d36b, org.springframework.boot.test.autoconfigure.restdocs.RestDocsTestExecutionListener@4c04f8a8, org.springframework.boot.test.autoconfigure.web.client.MockRestServiceServerResetTestExecutionListener@39985206, org.springframework.boot.test.autoconfigure.web.servlet.MockMvcPrintOnlyOnFailureTestExecutionListener@2c46b27b, org.springframework.boot.test.autoconfigure.web.servlet.WebDriverTestExecutionListener@47414013, org.springframework.boot.test.autoconfigure.webservices.client.MockWebServiceServerTestExecutionListener@2c6b21eb, org.springframework.boot.test.mock.mockito.ResetMocksTestExecutionListener@57184e02]

  .   ____          _            __ _ _
 /\\ / ___'_ __ _ _(_)_ __  __ _ \ \ \ \
( ( )\___ | '_ | '_| | '_ \/ _` | \ \ \ \
 \\/  ___)| |_)| | | | | || (_| |  ) ) ) )
  '  |____| .__|_| |_|_| |_\__, | / / / /
 =========|_|==============|___/=/_/_/_/
 :: Spring Boot ::        (v2.3.2.RELEASE)

2020-12-22 21:31:07.370  INFO 93081 --- [    Test worker] c.s.s.ServingWebContentApplicationTest   : Starting ServingWebContentApplicationTest on spartan.local with PID 93081 (started by jhurff in /Users/jhurff/projects/jhurff/smartbrains/website/smartbrains-web)
2020-12-22 21:31:07.373  INFO 93081 --- [    Test worker] c.s.s.ServingWebContentApplicationTest   : No active profile set, falling back to default profiles: default
2020-12-22 21:31:07.728  INFO 93081 --- [    Test worker] o.s.s.concurrent.ThreadPoolTaskExecutor  : Initializing ExecutorService 'applicationTaskExecutor'
2020-12-22 21:31:07.909  INFO 93081 --- [    Test worker] o.s.b.t.m.w.SpringBootMockServletContext : Initializing Spring TestDispatcherServlet ''
2020-12-22 21:31:07.910  INFO 93081 --- [    Test worker] o.s.t.web.servlet.TestDispatcherServlet  : Initializing Servlet ''
2020-12-22 21:31:07.918  INFO 93081 --- [    Test worker] o.s.t.web.servlet.TestDispatcherServlet  : Completed initialization in 8 ms
2020-12-22 21:31:07.936  INFO 93081 --- [    Test worker] c.s.s.ServingWebContentApplicationTest   : Started ServingWebContentApplicationTest in 0.601 seconds (JVM running for 5.303)
]]></system-out>
  <system-err><![CDATA[]]></system-err>
</testsuite>
